<?xml version="1.0" encoding="UTF-8"?>
<testsuite xmlns:xsi="http://www.w3.org/2001/XMLSchema-instance" xsi:noNamespaceSchemaLocation="https://maven.apache.org/surefire/maven-surefire-plugin/xsd/surefire-test-report-3.0.xsd" version="3.0" name="com.app.portfolio.repository.AssetPriceRepositoryTest$PriceOrderingTests" time="9.759" tests="2" errors="0" skipped="0" failures="0">
  <properties>
[...]
</properties>
  <testcase name="shouldReturnPricesInCorrectChronologicalOrder" classname="com.app.portfolio.repository.AssetPriceRepositoryTest$PriceOrderingTests" time="1.444">
    <system-out><![CDATA[11:51:31.888 [main] INFO org.springframework.test.context.support.AnnotationConfigContextLoaderUtils -- Could not detect default configuration classes for test class [com.app.portfolio.repository.AssetPriceRepositoryTest]: AssetPriceRepositoryTest does not declare any static, non-private, non-final, nested classes annotated with @Configuration.
11:51:32.132 [main] INFO org.springframework.boot.test.context.SpringBootTestContextBootstrapper -- Found @SpringBootConfiguration com.app.portfolio.PortfolioApplication for test class com.app.portfolio.repository.AssetPriceRepositoryTest
11:51:32.189 [main] INFO org.springframework.test.context.support.AnnotationConfigContextLoaderUtils -- Could not detect default configuration classes for test class [com.app.portfolio.repository.AssetPriceRepositoryTest$PriceOrderingTests]: PriceOrderingTests does not declare any static, non-private, non-final, nested classes annotated with @Configuration.
11:51:32.258 [main] INFO org.springframework.boot.test.context.SpringBootTestContextBootstrapper -- Found @SpringBootConfiguration com.app.portfolio.PortfolioApplication for test class com.app.portfolio.repository.AssetPriceRepositoryTest$PriceOrderingTests

  .   ____          _            __ _ _
 /\\ / ___'_ __ _ _(_)_ __  __ _ \ \ \ \
( ( )\___ | '_ | '_| | '_ \/ _` | \ \ \ \
 \\/  ___)| |_)| | | | | || (_| |  ) ) ) )
  '  |____| .__|_| |_|_| |_\__, | / / / /
 =========|_|==============|___/=/_/_/_/
 :: Spring Boot ::                (v3.2.3)

2026-02-04T11:51:32.985Z  INFO 8108 --- [           main] c.a.p.r.AssetPriceRepositoryTest         : Starting AssetPriceRepositoryTest using Java 17.0.14 with PID 8108 (started by Administrator in C:\Users\Administrator\Desktop\CAPITALX\final_version_capitalx\CapitalX\backend)
2026-02-04T11:51:32.990Z  INFO 8108 --- [           main] c.a.p.r.AssetPriceRepositoryTest         : The following 1 profile is active: "test"
2026-02-04T11:51:34.368Z  INFO 8108 --- [           main] .s.d.r.c.RepositoryConfigurationDelegate : Bootstrapping Spring Data JPA repositories in DEFAULT mode.
2026-02-04T11:51:34.498Z  INFO 8108 --- [           main] .s.d.r.c.RepositoryConfigurationDelegate : Finished Spring Data repository scanning in 118 ms. Found 5 JPA repository interfaces.
2026-02-04T11:51:34.584Z  INFO 8108 --- [           main] beddedDataSourceBeanFactoryPostProcessor : Replacing 'dataSource' DataSource bean with embedded version
2026-02-04T11:51:34.970Z  INFO 8108 --- [           main] o.s.j.d.e.EmbeddedDatabaseFactory        : Starting embedded database: url='jdbc:h2:mem:486782d4-f938-49e6-a20b-65833d9b00e6;DB_CLOSE_DELAY=-1;DB_CLOSE_ON_EXIT=false', username='sa'
2026-02-04T11:51:35.567Z  INFO 8108 --- [           main] o.hibernate.jpa.internal.util.LogHelper  : HHH000204: Processing PersistenceUnitInfo [name: default]
2026-02-04T11:51:35.712Z  INFO 8108 --- [           main] org.hibernate.Version                    : HHH000412: Hibernate ORM core version 6.4.4.Final
2026-02-04T11:51:35.767Z  INFO 8108 --- [           main] o.h.c.internal.RegionFactoryInitiator    : HHH000026: Second-level cache disabled
2026-02-04T11:51:36.280Z  INFO 8108 --- [           main] o.s.o.j.p.SpringPersistenceUnitInfo      : No LoadTimeWeaver setup: ignoring JPA class transformer
2026-02-04T11:51:36.375Z  WARN 8108 --- [           main] org.hibernate.orm.deprecation            : HHH90000025: H2Dialect does not need to be specified explicitly using 'hibernate.dialect' (remove the property setting and it will be selected by default)
2026-02-04T11:51:38.692Z  INFO 8108 --- [           main] o.h.e.t.j.p.i.JtaPlatformInitiator       : HHH000489: No JTA platform available (set 'hibernate.transaction.jta.platform' to enable JTA platform integration)
Hibernate: 
    drop table if exists annual_performance cascade 
Hibernate: 
    drop table if exists asset_prices cascade 
Hibernate: 
    drop table if exists assets cascade 
Hibernate: 
    drop table if exists assets_master cascade 
Hibernate: 
    drop table if exists clients cascade 
Hibernate: 
    drop table if exists customers cascade 
Hibernate: 
    drop table if exists otp_tokens cascade 
Hibernate: 
    drop table if exists portfolio_holdings cascade 
Hibernate: 
    drop table if exists portfolio_summary cascade 
Hibernate: 
    drop table if exists portfolio_uploads cascade 
Hibernate: 
    drop table if exists users cascade 
Hibernate: 
    create table annual_performance (
        closing_value numeric(18,2),
        financial_year integer,
        opening_value numeric(18,2),
        total_invested_during_year numeric(18,2),
        total_profit_loss numeric(18,2),
        annual_perf_id bigint generated by default as identity,
        customer_id bigint,
        best_performing_asset varchar(255),
        worst_performing_asset varchar(255),
        primary key (annual_perf_id)
    )
Hibernate: 
    create table asset_prices (
        current_price numeric(20,4) not null,
        asset_id bigint not null,
        id bigint generated by default as identity,
        price_date timestamp(6) with time zone not null,
        source varchar(20) not null check (source in ('YFINANCE','MANUAL','FAKE')),
        primary key (id)
    )
Hibernate: 
    create table assets (
        buying_rate numeric(20,4) not null,
        currency varchar(3),
        purchase_date date not null,
        quantity numeric(20,4) not null,
        client_id bigint not null,
        created_at timestamp(6) with time zone not null,
        id bigint generated by default as identity,
        updated_at timestamp(6) with time zone not null,
        category varchar(20) not null check (category in ('STOCK','MUTUAL_FUND','BOND','CRYPTO','COMMODITY','FOREX')),
        symbol varchar(50),
        name varchar(255) not null,
        primary key (id)
    )
Hibernate: 
    create table assets_master (
        asset_id bigint generated by default as identity,
        created_at timestamp(6) with time zone,
        asset_code varchar(50) not null unique,
        exchange_or_market varchar(100),
        asset_name varchar(255) not null,
        asset_type varchar(255) not null check (asset_type in ('STOCK','CRYPTO','COMMODITY','ETF','OTHER')),
        primary key (asset_id)
    )
Hibernate: 
    create table clients (
        currency varchar(3),
        created_at timestamp(6) with time zone not null,
        id bigint generated by default as identity,
        updated_at timestamp(6) with time zone not null,
        user_id bigint not null,
        email varchar(255) not null,
        name varchar(255) not null,
        phone varchar(255),
        primary key (id)
    )
Hibernate: 
    create table customers (
        created_at timestamp(6) with time zone,
        customer_id bigint generated by default as identity,
        customer_code varchar(50) not null unique,
        customer_name varchar(255) not null,
        primary key (customer_id)
    )
Hibernate: 
    create table otp_tokens (
        used boolean not null,
        token varchar(6) not null,
        expires_at timestamp(6) with time zone not null,
        id bigint generated by default as identity,
        user_id bigint not null,
        purpose varchar(20) not null,
        primary key (id)
    )
Hibernate: 
    create table portfolio_holdings (
        buy_price numeric(18,6),
        current_price numeric(18,6),
        current_value numeric(18,2),
        invested_value numeric(18,2),
        investment_end_date date,
        investment_start_date date,
        profit_loss numeric(18,2),
        quantity numeric(18,4),
        customer_id bigint,
        holding_id bigint generated by default as identity,
        upload_id bigint,
        currency varchar(10),
        ticker varchar(50) not null,
        primary key (holding_id)
    )
Hibernate: 
    create table portfolio_summary (
        number_of_assets integer,
        number_of_loss_assets integer,
        number_of_profitable_assets integer,
        total_current_value numeric(18,2),
        total_invested_value numeric(18,2),
        total_profit_loss numeric(18,2),
        customer_id bigint,
        summary_id bigint generated by default as identity,
        upload_id bigint unique,
        primary key (summary_id)
    )
Hibernate: 
    create table portfolio_uploads (
        customer_id bigint,
        upload_date timestamp(6) with time zone,
        upload_id bigint generated by default as identity,
        period_label varchar(100) not null,
        file_name varchar(255),
        period_type varchar(255) not null check (period_type in ('QUARTERLY','ANNUAL','CUSTOM')),
        primary key (upload_id)
    )
Hibernate: 
    create table users (
        enabled boolean not null,
        created_at timestamp(6) with time zone not null,
        id bigint generated by default as identity,
        updated_at timestamp(6) with time zone not null,
        email varchar(255) not null unique,
        name varchar(255) not null,
        password varchar(255) not null,
        primary key (id)
    )
Hibernate: 
    alter table if exists annual_performance 
       add constraint FKa1sxyloq2831e9b42any7eo8v 
       foreign key (customer_id) 
       references customers
Hibernate: 
    alter table if exists asset_prices 
       add constraint FK4yigk45pp5r92gwp9e9eqjfhb 
       foreign key (asset_id) 
       references assets
Hibernate: 
    alter table if exists assets 
       add constraint FK3frvapxrscalg1wyv4qpt7dt3 
       foreign key (client_id) 
       references clients
Hibernate: 
    alter table if exists clients 
       add constraint FKtiuqdledq2lybrds2k3rfqrv4 
       foreign key (user_id) 
       references users
Hibernate: 
    alter table if exists otp_tokens 
       add constraint FKjyk2kyj8ul2bjqjpentlrpyi1 
       foreign key (user_id) 
       references users
Hibernate: 
    alter table if exists portfolio_holdings 
       add constraint FKigjv9ihnat28lujum9xlplw33 
       foreign key (customer_id) 
       references customers
Hibernate: 
    alter table if exists portfolio_holdings 
       add constraint FKjn3jqwuopg4l5j9wpc4soxe2b 
       foreign key (upload_id) 
       references portfolio_uploads
Hibernate: 
    alter table if exists portfolio_summary 
       add constraint FK20gq841xbgt4hhqjprucm9ke6 
       foreign key (customer_id) 
       references customers
Hibernate: 
    alter table if exists portfolio_summary 
       add constraint FKalmjj7p0201v4dyyrp7336xsw 
       foreign key (upload_id) 
       references portfolio_uploads
Hibernate: 
    alter table if exists portfolio_uploads 
       add constraint FKjigi1vvmfnk29203roibpcvsf 
       foreign key (customer_id) 
       references customers
2026-02-04T11:51:38.813Z  INFO 8108 --- [           main] j.LocalContainerEntityManagerFactoryBean : Initialized JPA EntityManagerFactory for persistence unit 'default'
2026-02-04T11:51:40.372Z  INFO 8108 --- [           main] c.a.p.r.AssetPriceRepositoryTest         : Started AssetPriceRepositoryTest in 8.025 seconds (process running for 9.984)
Hibernate: 
    insert 
    into
        users
        (created_at, email, enabled, name, password, updated_at, id) 
    values
        (?, ?, ?, ?, ?, ?, default)
Hibernate: 
    insert 
    into
        clients
        (created_at, currency, email, name, phone, updated_at, user_id, id) 
    values
        (?, ?, ?, ?, ?, ?, ?, default)
Hibernate: 
    insert 
    into
        assets
        (buying_rate, category, client_id, created_at, currency, name, purchase_date, quantity, symbol, updated_at, id) 
    values
        (?, ?, ?, ?, ?, ?, ?, ?, ?, ?, default)
Hibernate: 
    insert 
    into
        asset_prices
        (asset_id, current_price, price_date, source, id) 
    values
        (?, ?, ?, ?, default)
Hibernate: 
    insert 
    into
        asset_prices
        (asset_id, current_price, price_date, source, id) 
    values
        (?, ?, ?, ?, default)
Hibernate: 
    insert 
    into
        asset_prices
        (asset_id, current_price, price_date, source, id) 
    values
        (?, ?, ?, ?, default)
Hibernate: 
    select
        ap1_0.id,
        ap1_0.asset_id,
        ap1_0.current_price,
        ap1_0.price_date,
        ap1_0.source 
    from
        asset_prices ap1_0
]]></system-out>
  </testcase>
  <testcase name="shouldHandleSameTimestampPricesCorrectly" classname="com.app.portfolio.repository.AssetPriceRepositoryTest$PriceOrderingTests" time="0.082">
    <system-out><![CDATA[Hibernate: 
    insert 
    into
        users
        (created_at, email, enabled, name, password, updated_at, id) 
    values
        (?, ?, ?, ?, ?, ?, default)
Hibernate: 
    insert 
    into
        clients
        (created_at, currency, email, name, phone, updated_at, user_id, id) 
    values
        (?, ?, ?, ?, ?, ?, ?, default)
Hibernate: 
    insert 
    into
        assets
        (buying_rate, category, client_id, created_at, currency, name, purchase_date, quantity, symbol, updated_at, id) 
    values
        (?, ?, ?, ?, ?, ?, ?, ?, ?, ?, default)
Hibernate: 
    insert 
    into
        asset_prices
        (asset_id, current_price, price_date, source, id) 
    values
        (?, ?, ?, ?, default)
Hibernate: 
    insert 
    into
        asset_prices
        (asset_id, current_price, price_date, source, id) 
    values
        (?, ?, ?, ?, default)
Hibernate: 
    insert 
    into
        asset_prices
        (asset_id, current_price, price_date, source, id) 
    values
        (?, ?, ?, ?, default)
Hibernate: 
    insert 
    into
        asset_prices
        (asset_id, current_price, price_date, source, id) 
    values
        (?, ?, ?, ?, default)
Hibernate: 
    insert 
    into
        asset_prices
        (asset_id, current_price, price_date, source, id) 
    values
        (?, ?, ?, ?, default)
Hibernate: 
    select
        ap1_0.id,
        ap1_0.asset_id,
        ap1_0.current_price,
        ap1_0.price_date,
        ap1_0.source 
    from
        asset_prices ap1_0 
    left join
        assets a1_0 
            on a1_0.id=ap1_0.asset_id 
    where
        a1_0.id=? 
    order by
        ap1_0.price_date desc 
    fetch
        first ? rows only
]]></system-out>
  </testcase>
</testsuite>